1748101376224	geckodriver	INFO	Listening on 127.0.0.1:49271
1748101379327	mozrunner::runner	INFO	Running command: "C:\\Program Files\\Mozilla Firefox\\firefox.exe" "--marionette" "--remote-debugging-port" "49272" "--remote-allow-hosts" "localhost" "-no-remote" "-profile" "C:\\Users\\alyth\\AppData\\Local\\Temp\\rust_mozprofileNsYF2X"
console.warn: services.settings: Ignoring preference override of remote settings server
console.warn: services.settings: Allow by setting MOZ_REMOTE_SETTINGS_DEVTOOLS=1 in the environment
Dynamically enable window occlusion 0
1748101379658	Marionette	INFO	Marionette enabled
1748101379817	Marionette	INFO	Listening on port 49279
WebDriver BiDi listening on ws://127.0.0.1:49272
Read port: 49279
1748101380021	RemoteAgent	WARN	TLS certificate errors will be ignored for this session
DevTools listening on ws://127.0.0.1:49272/devtools/browser/556d6afc-f00a-4844-bba1-f2376d107097
1748101410007	Marionette	INFO	Stopped listening on port 49279
Dynamically enable window occlusion 1
console.warn: services.settings: main/search-telemetry-v2 sync interrupted by shutdown
console.warn: services.settings: main/search-config-v2 sync interrupted by shutdown
console.warn: services.settings: main/cfr sync interrupted by shutdown
console.warn: services.settings: main/tracking-protection-lists sync interrupted by shutdown
console.warn: services.settings: main/search-config-icons sync interrupted by shutdown
console.warn: services.settings: main/translations-models sync interrupted by shutdown
console.warn: services.settings: main/search-default-override-allowlist sync interrupted by shutdown
console.warn: services.settings: main/nimbus-secure-experiments sync interrupted by shutdown
console.warn: services.settings: main/top-sites sync interrupted by shutdown
console.warn: services.settings: main/newtab-wallpapers-v2 sync interrupted by shutdown
console.warn: services.settings: main/password-rules sync interrupted by shutdown
console.error: (new AbortError("IndexedDB: main/ml-inference-request-options getLastModified() IndexedDB:  execute() A request was aborted, for example through a call to IDBTransaction.abort.", "resource://services-settings/IDBHelpers.sys.mjs", 16))
console.error: "TelemetryScheduler.shutdown - Already shut down"
JavaScript error: resource://gre/modules/AsyncShutdown.sys.mjs, line 569: NS_ERROR_FAILURE
